Using pre-set license
Built from '2021.3/staging' branch; Version is '2021.3.18f1 (3129e69bc0c7) revision 3221990'; Using compiler version '192829333'; Build Type 'Release'
OS: 'Windows 10  (10.0.19045) 64bit Core' Language: 'en' Physical Memory: 32683 MB
BatchMode: 1, IsHumanControllingUs: 0, StartBugReporterOnCrash: 0, Is64bit: 1, IsPro: 1

COMMAND LINE ARGUMENTS:
C:\Program Files\Unity\Hub\Editor\2021.3.18f1\Editor\Unity.exe
-adb2
-batchMode
-noUpm
-name
AssetImportWorker0
-projectPath
D:/New folder/unity projects/Kingdom Come
-logFile
Logs/AssetImportWorker0.log
-srvPort
50106
Successfully changed project path to: D:/New folder/unity projects/Kingdom Come
D:/New folder/unity projects/Kingdom Come
[UnityMemory] Configuration Parameters - Can be set up in boot.config
    "memorysetup-bucket-allocator-granularity=16"
    "memorysetup-bucket-allocator-bucket-count=8"
    "memorysetup-bucket-allocator-block-size=33554432"
    "memorysetup-bucket-allocator-block-count=8"
    "memorysetup-main-allocator-block-size=16777216"
    "memorysetup-thread-allocator-block-size=16777216"
    "memorysetup-gfx-main-allocator-block-size=16777216"
    "memorysetup-gfx-thread-allocator-block-size=16777216"
    "memorysetup-cache-allocator-block-size=4194304"
    "memorysetup-typetree-allocator-block-size=2097152"
    "memorysetup-profiler-bucket-allocator-granularity=16"
    "memorysetup-profiler-bucket-allocator-bucket-count=8"
    "memorysetup-profiler-bucket-allocator-block-size=33554432"
    "memorysetup-profiler-bucket-allocator-block-count=8"
    "memorysetup-profiler-allocator-block-size=16777216"
    "memorysetup-profiler-editor-allocator-block-size=1048576"
    "memorysetup-temp-allocator-size-main=16777216"
    "memorysetup-job-temp-allocator-block-size=2097152"
    "memorysetup-job-temp-allocator-block-size-background=1048576"
    "memorysetup-job-temp-allocator-reduction-small-platforms=262144"
    "memorysetup-temp-allocator-size-background-worker=32768"
    "memorysetup-temp-allocator-size-job-worker=262144"
    "memorysetup-temp-allocator-size-preload-manager=33554432"
    "memorysetup-temp-allocator-size-nav-mesh-worker=65536"
    "memorysetup-temp-allocator-size-audio-worker=65536"
    "memorysetup-temp-allocator-size-cloud-worker=32768"
    "memorysetup-temp-allocator-size-gi-baking-worker=262144"
    "memorysetup-temp-allocator-size-gfx=262144"
Player connection [3972] Host "[IP] 192.168.1.109 [Port] 0 [Flags] 2 [Guid] 3295067587 [EditorId] 3295067587 [Version] 1048832 [Id] WindowsEditor(7,DESKTOP-SE3OHPV) [Debug] 1 [PackageName] WindowsEditor [ProjectName] Editor" joined multi-casting on [225.0.0.222:54997]...

Player connection [3972] Host "[IP] 192.168.1.109 [Port] 0 [Flags] 2 [Guid] 3295067587 [EditorId] 3295067587 [Version] 1048832 [Id] WindowsEditor(7,DESKTOP-SE3OHPV) [Debug] 1 [PackageName] WindowsEditor [ProjectName] Editor" joined alternative multi-casting on [225.0.0.222:34997]...

Refreshing native plugins compatible for Editor in 94.53 ms, found 3 plugins.
Preloading 0 native plugins for Editor in 0.00 ms.
Initialize engine version: 2021.3.18f1 (3129e69bc0c7)
[Subsystems] Discovering subsystems at path C:/Program Files/Unity/Hub/Editor/2021.3.18f1/Editor/Data/Resources/UnitySubsystems
[Subsystems] Discovering subsystems at path D:/New folder/unity projects/Kingdom Come/Assets
GfxDevice: creating device client; threaded=0; jobified=0
Direct3D:
    Version:  Direct3D 11.0 [level 11.1]
    Renderer: NVIDIA GeForce GTX 1660 (ID=0x2184)
    Vendor:   NVIDIA
    VRAM:     5981 MB
    Driver:   31.0.15.4592
Initialize mono
Mono path[0] = 'C:/Program Files/Unity/Hub/Editor/2021.3.18f1/Editor/Data/Managed'
Mono path[1] = 'C:/Program Files/Unity/Hub/Editor/2021.3.18f1/Editor/Data/MonoBleedingEdge/lib/mono/unityjit-win32'
Mono config path = 'C:/Program Files/Unity/Hub/Editor/2021.3.18f1/Editor/Data/MonoBleedingEdge/etc'
Using monoOptions --debugger-agent=transport=dt_socket,embedding=1,server=y,suspend=n,address=127.0.0.1:56692
Begin MonoManager ReloadAssembly
Registering precompiled unity dll's ...
Register platform support module: C:/Program Files/Unity/Hub/Editor/2021.3.18f1/Editor/Data/PlaybackEngines/WindowsStandaloneSupport/UnityEditor.WindowsStandalone.Extensions.dll
Register platform support module: C:/Program Files/Unity/Hub/Editor/2021.3.18f1/Editor/Data/PlaybackEngines/MetroSupport/UnityEditor.UWP.Extensions.dll
Registered in 0.009890 seconds.
Native extension for UWP target not found
Native extension for WindowsStandalone target not found
Refreshing native plugins compatible for Editor in 91.63 ms, found 3 plugins.
Preloading 0 native plugins for Editor in 0.00 ms.
Mono: successfully reloaded assembly
- Completed reload, in  0.714 seconds
Domain Reload Profiling:
	ReloadAssembly (714ms)
		BeginReloadAssembly (80ms)
			ExecutionOrderSort (0ms)
			DisableScriptedObjects (0ms)
			BackupInstance (0ms)
			ReleaseScriptingObjects (0ms)
			CreateAndSetChildDomain (1ms)
		EndReloadAssembly (511ms)
			LoadAssemblies (77ms)
			RebuildTransferFunctionScriptingTraits (0ms)
			SetupTypeCache (114ms)
			ReleaseScriptCaches (0ms)
			RebuildScriptCaches (31ms)
			SetupLoadedEditorAssemblies (310ms)
				LogAssemblyErrors (0ms)
				InitializePlatformSupportModulesInManaged (11ms)
				SetLoadedEditorAssemblies (0ms)
				RefreshPlugins (92ms)
				BeforeProcessingInitializeOnLoad (1ms)
				ProcessInitializeOnLoadAttributes (156ms)
				ProcessInitializeOnLoadMethodAttributes (50ms)
				AfterProcessingInitializeOnLoad (0ms)
				EditorAssembliesLoaded (0ms)
			ExecutionOrderSort2 (0ms)
			AwakeInstancesAfterBackupRestoration (0ms)
Platform modules already initialized, skipping
Registering precompiled user dll's ...
Registered in 0.004699 seconds.
Begin MonoManager ReloadAssembly
Symbol file LoadedFromMemory doesn't match image D:\New folder\unity projects\Kingdom Come\Library\PackageCache\com.unity.visualscripting@1.8.0\Editor\VisualScripting.Core\Dependencies\YamlDotNet\Unity.VisualScripting.YamlDotNet.dll
Symbol file LoadedFromMemory doesn't match image D:\New folder\unity projects\Kingdom Come\Library\PackageCache\com.unity.visualscripting@1.8.0\Editor\VisualScripting.Core\Dependencies\DotNetZip\Unity.VisualScripting.IonicZip.dll
Native extension for UWP target not found
Native extension for WindowsStandalone target not found
Refreshing native plugins compatible for Editor in 0.62 ms, found 3 plugins.
Preloading 0 native plugins for Editor in 0.00 ms.
Mono: successfully reloaded assembly
- Completed reload, in  1.096 seconds
Domain Reload Profiling:
	ReloadAssembly (1096ms)
		BeginReloadAssembly (116ms)
			ExecutionOrderSort (0ms)
			DisableScriptedObjects (6ms)
			BackupInstance (0ms)
			ReleaseScriptingObjects (0ms)
			CreateAndSetChildDomain (19ms)
		EndReloadAssembly (853ms)
			LoadAssemblies (84ms)
			RebuildTransferFunctionScriptingTraits (0ms)
			SetupTypeCache (287ms)
			ReleaseScriptCaches (1ms)
			RebuildScriptCaches (59ms)
			SetupLoadedEditorAssemblies (380ms)
				LogAssemblyErrors (0ms)
				InitializePlatformSupportModulesInManaged (9ms)
				SetLoadedEditorAssemblies (1ms)
				RefreshPlugins (1ms)
				BeforeProcessingInitializeOnLoad (92ms)
				ProcessInitializeOnLoadAttributes (245ms)
				ProcessInitializeOnLoadMethodAttributes (23ms)
				AfterProcessingInitializeOnLoad (10ms)
				EditorAssembliesLoaded (0ms)
			ExecutionOrderSort2 (0ms)
			AwakeInstancesAfterBackupRestoration (9ms)
Platform modules already initialized, skipping
========================================================================
Worker process is ready to serve import requests
Launched and connected shader compiler UnityShaderCompiler.exe after 0.04 seconds
Refreshing native plugins compatible for Editor in 0.93 ms, found 3 plugins.
Preloading 0 native plugins for Editor in 0.00 ms.
Unloading 3331 Unused Serialized files (Serialized files now loaded: 0)
Unloading 30 unused Assets / (113.9 KB). Loaded Objects now: 3789.
Memory consumption went from 119.6 MB to 119.5 MB.
Total: 3.317200 ms (FindLiveObjects: 0.290200 ms CreateObjectMapping: 0.204600 ms MarkObjects: 2.698400 ms  DeleteObjects: 0.122800 ms)

AssetImportParameters requested are different than current active one (requested -> active):
  custom:video-decoder-ogg-theora: a1e56fd34408186e4bbccfd4996cb3dc -> 
  custom:container-muxer-webm: aa71ff27fc2769a1b78a27578f13a17b -> 
  custom:container-demuxer-webm: 4f35f7cbe854078d1ac9338744f61a02 -> 
  custom:video-encoder-webm-vp8: eb34c28f22e8b96e1ab97ce403110664 -> 
  custom:audio-encoder-webm-vorbis: bf7c407c2cedff20999df2af8eb42d56 -> 
  custom:framework-win-MediaFoundation: 216162199b28c13a410421893ffa2e32 -> 
  custom:container-demuxer-ogg: 62fdf1f143b41e24485cea50d1cbac27 -> 
  custom:video-decoder-webm-vp8: 9c59270c3fd7afecdb556c50c9e8de78 -> 
  custom:audio-decoder-ogg-vorbis: bf7c407c2cedff20999df2af8eb42d56 -> 
========================================================================
Received Import Request.
  Time since last request: 2165.950021 seconds.
  path: Assets/Scripts/Spell Scripts/SpellTree.cs
  artifactKey: Guid(fd6e59f84b7d26242b3f6cba4465df98) Importer(815301076,1909f56bfc062723c751e8b465ee728b)
Start importing Assets/Scripts/Spell Scripts/SpellTree.cs using Guid(fd6e59f84b7d26242b3f6cba4465df98) Importer(815301076,1909f56bfc062723c751e8b465ee728b)  -> (artifact id: 'e6bb6a5681ba67161ab579160bca5118') in 0.062765 seconds 
========================================================================
Received Import Request.
  Time since last request: 12.636769 seconds.
  path: Assets/Scripts/Spell Scripts/SpellDictionary.cs
  artifactKey: Guid(261c7e4a8fb11b7438c7a6908562a706) Importer(815301076,1909f56bfc062723c751e8b465ee728b)
Start importing Assets/Scripts/Spell Scripts/SpellDictionary.cs using Guid(261c7e4a8fb11b7438c7a6908562a706) Importer(815301076,1909f56bfc062723c751e8b465ee728b)  -> (artifact id: '510298815ee2457a0c8d0f57cfc8143a') in 0.007944 seconds 
========================================================================
Received Import Request.
  Time since last request: 4299.577548 seconds.
  path: Assets/Scripts/Spell Scripts/SpellDictionary.cs
  artifactKey: Guid(261c7e4a8fb11b7438c7a6908562a706) Importer(815301076,1909f56bfc062723c751e8b465ee728b)
Start importing Assets/Scripts/Spell Scripts/SpellDictionary.cs using Guid(261c7e4a8fb11b7438c7a6908562a706) Importer(815301076,1909f56bfc062723c751e8b465ee728b)  -> (artifact id: '8c4a2ca73423b6334be0e269efd7db8f') in 0.007005 seconds 
========================================================================
Received Import Request.
  Time since last request: 1000.263256 seconds.
  path: Assets/Scripts/Spell Scripts/SpellDictionary.cs
  artifactKey: Guid(261c7e4a8fb11b7438c7a6908562a706) Importer(815301076,1909f56bfc062723c751e8b465ee728b)
Start importing Assets/Scripts/Spell Scripts/SpellDictionary.cs using Guid(261c7e4a8fb11b7438c7a6908562a706) Importer(815301076,1909f56bfc062723c751e8b465ee728b)  -> (artifact id: 'f6b639a09767c358e9c98bb646796053') in 0.001980 seconds 
========================================================================
Received Import Request.
  Time since last request: 78.335640 seconds.
  path: Assets/Scripts/Spell Scripts/SpellDictionary.cs
  artifactKey: Guid(261c7e4a8fb11b7438c7a6908562a706) Importer(815301076,1909f56bfc062723c751e8b465ee728b)
Start importing Assets/Scripts/Spell Scripts/SpellDictionary.cs using Guid(261c7e4a8fb11b7438c7a6908562a706) Importer(815301076,1909f56bfc062723c751e8b465ee728b)  -> (artifact id: 'ac3dc26a8069e2cc45a15525f7fb951e') in 0.007966 seconds 
========================================================================
Received Import Request.
  Time since last request: 390.892844 seconds.
  path: Assets/Scripts/Spell Scripts/SpellDictionary.cs
  artifactKey: Guid(261c7e4a8fb11b7438c7a6908562a706) Importer(815301076,1909f56bfc062723c751e8b465ee728b)
Start importing Assets/Scripts/Spell Scripts/SpellDictionary.cs using Guid(261c7e4a8fb11b7438c7a6908562a706) Importer(815301076,1909f56bfc062723c751e8b465ee728b)  -> (artifact id: '4d1d7b9a2737f30742833e8f116ee103') in 0.001966 seconds 
========================================================================
Received Import Request.
  Time since last request: 15.830420 seconds.
  path: Assets/Scripts/Spell Scripts/SpellDictionary.cs
  artifactKey: Guid(261c7e4a8fb11b7438c7a6908562a706) Importer(815301076,1909f56bfc062723c751e8b465ee728b)
Start importing Assets/Scripts/Spell Scripts/SpellDictionary.cs using Guid(261c7e4a8fb11b7438c7a6908562a706) Importer(815301076,1909f56bfc062723c751e8b465ee728b)  -> (artifact id: '228eedceff04df8aae6a232c802e1b2b') in 0.001723 seconds 
========================================================================
Received Import Request.
  Time since last request: 16.298645 seconds.
  path: Assets/Scripts/Spell Scripts/SpellDictionary.cs
  artifactKey: Guid(261c7e4a8fb11b7438c7a6908562a706) Importer(815301076,1909f56bfc062723c751e8b465ee728b)
Start importing Assets/Scripts/Spell Scripts/SpellDictionary.cs using Guid(261c7e4a8fb11b7438c7a6908562a706) Importer(815301076,1909f56bfc062723c751e8b465ee728b)  -> (artifact id: '2f8e7dae8ddc32a9f3d7555f5eae0fe5') in 0.002626 seconds 
========================================================================
Received Import Request.
  Time since last request: 10.411642 seconds.
  path: Assets/Scripts/Spell Scripts/SpellDictionary.cs
  artifactKey: Guid(261c7e4a8fb11b7438c7a6908562a706) Importer(815301076,1909f56bfc062723c751e8b465ee728b)
Start importing Assets/Scripts/Spell Scripts/SpellDictionary.cs using Guid(261c7e4a8fb11b7438c7a6908562a706) Importer(815301076,1909f56bfc062723c751e8b465ee728b)  -> (artifact id: '0e5f7ad96ccecc85447f19452f60e758') in 0.001862 seconds 
========================================================================
Received Import Request.
  Time since last request: 195.115896 seconds.
  path: Assets/Scripts/Spell Scripts/SpellDictionary.cs
  artifactKey: Guid(261c7e4a8fb11b7438c7a6908562a706) Importer(815301076,1909f56bfc062723c751e8b465ee728b)
Start importing Assets/Scripts/Spell Scripts/SpellDictionary.cs using Guid(261c7e4a8fb11b7438c7a6908562a706) Importer(815301076,1909f56bfc062723c751e8b465ee728b)  -> (artifact id: 'db6855a373cdfb46df49bf12f02aea12') in 0.001674 seconds 
========================================================================
Received Import Request.
  Time since last request: 39.424915 seconds.
  path: Assets/Scripts/Spell Scripts/SpellDictionary.cs
  artifactKey: Guid(261c7e4a8fb11b7438c7a6908562a706) Importer(815301076,1909f56bfc062723c751e8b465ee728b)
Start importing Assets/Scripts/Spell Scripts/SpellDictionary.cs using Guid(261c7e4a8fb11b7438c7a6908562a706) Importer(815301076,1909f56bfc062723c751e8b465ee728b)  -> (artifact id: '8d4c149097b4bb580a473240f60adaaf') in 0.001985 seconds 
========================================================================
Received Import Request.
  Time since last request: 14.620457 seconds.
  path: Assets/Scripts/Spell Scripts/SpellDictionary.cs
  artifactKey: Guid(261c7e4a8fb11b7438c7a6908562a706) Importer(815301076,1909f56bfc062723c751e8b465ee728b)
Start importing Assets/Scripts/Spell Scripts/SpellDictionary.cs using Guid(261c7e4a8fb11b7438c7a6908562a706) Importer(815301076,1909f56bfc062723c751e8b465ee728b)  -> (artifact id: '7f09376d909e82cf9fe3a578c4d160ad') in 0.001862 seconds 
========================================================================
Received Import Request.
  Time since last request: 46.328037 seconds.
  path: Assets/Scripts/Spell Scripts/SpellDictionary.cs
  artifactKey: Guid(261c7e4a8fb11b7438c7a6908562a706) Importer(815301076,1909f56bfc062723c751e8b465ee728b)
Start importing Assets/Scripts/Spell Scripts/SpellDictionary.cs using Guid(261c7e4a8fb11b7438c7a6908562a706) Importer(815301076,1909f56bfc062723c751e8b465ee728b)  -> (artifact id: '031cfd48eaf1ae541e3dd605c0d91225') in 0.002067 seconds 
========================================================================
Received Import Request.
  Time since last request: 26.703915 seconds.
  path: Assets/Scripts/Spell Scripts/SpellDictionary.cs
  artifactKey: Guid(261c7e4a8fb11b7438c7a6908562a706) Importer(815301076,1909f56bfc062723c751e8b465ee728b)
Start importing Assets/Scripts/Spell Scripts/SpellDictionary.cs using Guid(261c7e4a8fb11b7438c7a6908562a706) Importer(815301076,1909f56bfc062723c751e8b465ee728b)  -> (artifact id: '25e52c9a3df9b00746de054af9055039') in 0.001542 seconds 
========================================================================
Received Import Request.
  Time since last request: 573.190759 seconds.
  path: Assets/Scripts/Spell Scripts/SpellDictionary.cs
  artifactKey: Guid(261c7e4a8fb11b7438c7a6908562a706) Importer(815301076,1909f56bfc062723c751e8b465ee728b)
Start importing Assets/Scripts/Spell Scripts/SpellDictionary.cs using Guid(261c7e4a8fb11b7438c7a6908562a706) Importer(815301076,1909f56bfc062723c751e8b465ee728b)  -> (artifact id: '5d1ad1ba96fe6295b6f12347ef9f2112') in 0.001808 seconds 
========================================================================
Received Prepare
Registering precompiled user dll's ...
Registered in 0.005085 seconds.
Begin MonoManager ReloadAssembly
Symbol file LoadedFromMemory doesn't match image D:\New folder\unity projects\Kingdom Come\Library\PackageCache\com.unity.visualscripting@1.8.0\Editor\VisualScripting.Core\Dependencies\YamlDotNet\Unity.VisualScripting.YamlDotNet.dll
Symbol file LoadedFromMemory doesn't match image D:\New folder\unity projects\Kingdom Come\Library\PackageCache\com.unity.visualscripting@1.8.0\Editor\VisualScripting.Core\Dependencies\DotNetZip\Unity.VisualScripting.IonicZip.dll
Native extension for UWP target not found
Native extension for WindowsStandalone target not found
Refreshing native plugins compatible for Editor in 0.60 ms, found 3 plugins.
Preloading 0 native plugins for Editor in 0.00 ms.
Mono: successfully reloaded assembly
- Completed reload, in  1.047 seconds
Domain Reload Profiling:
	ReloadAssembly (1047ms)
		BeginReloadAssembly (148ms)
			ExecutionOrderSort (0ms)
			DisableScriptedObjects (7ms)
			BackupInstance (0ms)
			ReleaseScriptingObjects (0ms)
			CreateAndSetChildDomain (33ms)
		EndReloadAssembly (786ms)
			LoadAssemblies (93ms)
			RebuildTransferFunctionScriptingTraits (0ms)
			SetupTypeCache (288ms)
			ReleaseScriptCaches (1ms)
			RebuildScriptCaches (43ms)
			SetupLoadedEditorAssemblies (328ms)
				LogAssemblyErrors (0ms)
				InitializePlatformSupportModulesInManaged (16ms)
				SetLoadedEditorAssemblies (1ms)
				RefreshPlugins (1ms)
				BeforeProcessingInitializeOnLoad (69ms)
				ProcessInitializeOnLoadAttributes (208ms)
				ProcessInitializeOnLoadMethodAttributes (24ms)
				AfterProcessingInitializeOnLoad (11ms)
				EditorAssembliesLoaded (0ms)
			ExecutionOrderSort2 (0ms)
			AwakeInstancesAfterBackupRestoration (6ms)
Platform modules already initialized, skipping
Refreshing native plugins compatible for Editor in 1.73 ms, found 3 plugins.
Preloading 0 native plugins for Editor in 0.00 ms.
Unloading 3312 Unused Serialized files (Serialized files now loaded: 0)
Unloading 22 unused Assets / (80.3 KB). Loaded Objects now: 3793.
Memory consumption went from 118.0 MB to 117.9 MB.
Total: 2.736200 ms (FindLiveObjects: 0.270400 ms CreateObjectMapping: 0.178000 ms MarkObjects: 2.203100 ms  DeleteObjects: 0.083700 ms)

AssetImportParameters requested are different than current active one (requested -> active):
  custom:video-decoder-ogg-theora: a1e56fd34408186e4bbccfd4996cb3dc -> 
  custom:container-muxer-webm: aa71ff27fc2769a1b78a27578f13a17b -> 
  custom:container-demuxer-webm: 4f35f7cbe854078d1ac9338744f61a02 -> 
  custom:video-encoder-webm-vp8: eb34c28f22e8b96e1ab97ce403110664 -> 
  custom:audio-encoder-webm-vorbis: bf7c407c2cedff20999df2af8eb42d56 -> 
  custom:framework-win-MediaFoundation: 216162199b28c13a410421893ffa2e32 -> 
  custom:container-demuxer-ogg: 62fdf1f143b41e24485cea50d1cbac27 -> 
  custom:video-decoder-webm-vp8: 9c59270c3fd7afecdb556c50c9e8de78 -> 
  custom:audio-decoder-ogg-vorbis: bf7c407c2cedff20999df2af8eb42d56 -> 
========================================================================
Received Import Request.
  Time since last request: 1095.650958 seconds.
  path: Assets/Scripts/Spell Scripts/SpellDictionary.cs
  artifactKey: Guid(261c7e4a8fb11b7438c7a6908562a706) Importer(815301076,1909f56bfc062723c751e8b465ee728b)
Start importing Assets/Scripts/Spell Scripts/SpellDictionary.cs using Guid(261c7e4a8fb11b7438c7a6908562a706) Importer(815301076,1909f56bfc062723c751e8b465ee728b)  -> (artifact id: 'f51d887c2decc7e9eb581b2aef0bc89b') in 0.009992 seconds 
========================================================================
Received Import Request.
  Time since last request: 53.240061 seconds.
  path: Assets/Scripts/Spell Scripts/SpellDictionary.cs
  artifactKey: Guid(261c7e4a8fb11b7438c7a6908562a706) Importer(815301076,1909f56bfc062723c751e8b465ee728b)
Start importing Assets/Scripts/Spell Scripts/SpellDictionary.cs using Guid(261c7e4a8fb11b7438c7a6908562a706) Importer(815301076,1909f56bfc062723c751e8b465ee728b)  -> (artifact id: 'b132fc3958540f878fb81f24bcbd1c11') in 0.001493 seconds 
========================================================================
Received Import Request.
  Time since last request: 58.575918 seconds.
  path: Assets/Scripts/Spell Scripts/SpellDictionary.cs
  artifactKey: Guid(261c7e4a8fb11b7438c7a6908562a706) Importer(815301076,1909f56bfc062723c751e8b465ee728b)
Start importing Assets/Scripts/Spell Scripts/SpellDictionary.cs using Guid(261c7e4a8fb11b7438c7a6908562a706) Importer(815301076,1909f56bfc062723c751e8b465ee728b)  -> (artifact id: '96ffb99e9eb99edd6c948d4a0ae9d496') in 0.001571 seconds 
========================================================================
Received Import Request.
  Time since last request: 36.111384 seconds.
  path: Assets/Scripts/Spell Scripts/SpellDictionary.cs
  artifactKey: Guid(261c7e4a8fb11b7438c7a6908562a706) Importer(815301076,1909f56bfc062723c751e8b465ee728b)
Start importing Assets/Scripts/Spell Scripts/SpellDictionary.cs using Guid(261c7e4a8fb11b7438c7a6908562a706) Importer(815301076,1909f56bfc062723c751e8b465ee728b)  -> (artifact id: '80a2e3ecdd915fed1829b5591830740b') in 0.001634 seconds 
========================================================================
Received Import Request.
  Time since last request: 34.916737 seconds.
  path: Assets/Scripts/Spell Scripts/SpellDictionary.cs
  artifactKey: Guid(261c7e4a8fb11b7438c7a6908562a706) Importer(815301076,1909f56bfc062723c751e8b465ee728b)
Start importing Assets/Scripts/Spell Scripts/SpellDictionary.cs using Guid(261c7e4a8fb11b7438c7a6908562a706) Importer(815301076,1909f56bfc062723c751e8b465ee728b)  -> (artifact id: '976a116ebd38d108a8a6143f406f8786') in 0.001842 seconds 
========================================================================
Received Import Request.
  Time since last request: 17.034639 seconds.
  path: Assets/Scripts/Spell Scripts/SpellDictionary.cs
  artifactKey: Guid(261c7e4a8fb11b7438c7a6908562a706) Importer(815301076,1909f56bfc062723c751e8b465ee728b)
Start importing Assets/Scripts/Spell Scripts/SpellDictionary.cs using Guid(261c7e4a8fb11b7438c7a6908562a706) Importer(815301076,1909f56bfc062723c751e8b465ee728b)  -> (artifact id: 'e818b716ff8bb0799e9ec26cd9a617b1') in 0.001644 seconds 
========================================================================
Received Import Request.
  Time since last request: 5.730477 seconds.
  path: Assets/Scripts/Spell Scripts/SpellDictionary.cs
  artifactKey: Guid(261c7e4a8fb11b7438c7a6908562a706) Importer(815301076,1909f56bfc062723c751e8b465ee728b)
Start importing Assets/Scripts/Spell Scripts/SpellDictionary.cs using Guid(261c7e4a8fb11b7438c7a6908562a706) Importer(815301076,1909f56bfc062723c751e8b465ee728b)  -> (artifact id: 'a2c43c1034da4f937d3d73fb49c17637') in 0.001471 seconds 
========================================================================
Received Import Request.
  Time since last request: 251.303366 seconds.
  path: Assets/Scripts/Spell Scripts/SpellDictionary.cs
  artifactKey: Guid(261c7e4a8fb11b7438c7a6908562a706) Importer(815301076,1909f56bfc062723c751e8b465ee728b)
Start importing Assets/Scripts/Spell Scripts/SpellDictionary.cs using Guid(261c7e4a8fb11b7438c7a6908562a706) Importer(815301076,1909f56bfc062723c751e8b465ee728b)  -> (artifact id: '246c483f764236a0bfbcdab18723d9bf') in 0.001582 seconds 
========================================================================
Received Import Request.
  Time since last request: 108.177275 seconds.
  path: Assets/Scripts/Spell Scripts/SpellDictionary.cs
  artifactKey: Guid(261c7e4a8fb11b7438c7a6908562a706) Importer(815301076,1909f56bfc062723c751e8b465ee728b)
Start importing Assets/Scripts/Spell Scripts/SpellDictionary.cs using Guid(261c7e4a8fb11b7438c7a6908562a706) Importer(815301076,1909f56bfc062723c751e8b465ee728b)  -> (artifact id: 'c70f328e72566f8d8530cef3db3463fa') in 0.022517 seconds 
========================================================================
Received Import Request.
  Time since last request: 74.372203 seconds.
  path: Assets/Scripts/Spell Scripts/SpellDictionary.cs
  artifactKey: Guid(261c7e4a8fb11b7438c7a6908562a706) Importer(815301076,1909f56bfc062723c751e8b465ee728b)
Start importing Assets/Scripts/Spell Scripts/SpellDictionary.cs using Guid(261c7e4a8fb11b7438c7a6908562a706) Importer(815301076,1909f56bfc062723c751e8b465ee728b)  -> (artifact id: 'c010285b8603ebfedb39ad8fd539e12a') in 0.001547 seconds 
========================================================================
Received Import Request.
  Time since last request: 296.042601 seconds.
  path: Assets/Scripts/Spell Scripts/SpellDictionary.cs
  artifactKey: Guid(261c7e4a8fb11b7438c7a6908562a706) Importer(815301076,1909f56bfc062723c751e8b465ee728b)
Start importing Assets/Scripts/Spell Scripts/SpellDictionary.cs using Guid(261c7e4a8fb11b7438c7a6908562a706) Importer(815301076,1909f56bfc062723c751e8b465ee728b)  -> (artifact id: '64d9dfef3e7086ac0156b763820696af') in 0.004451 seconds 
========================================================================
Received Import Request.
  Time since last request: 26.126310 seconds.
  path: Assets/Scripts/Spell Scripts/SpellDictionary.cs
  artifactKey: Guid(261c7e4a8fb11b7438c7a6908562a706) Importer(815301076,1909f56bfc062723c751e8b465ee728b)
Start importing Assets/Scripts/Spell Scripts/SpellDictionary.cs using Guid(261c7e4a8fb11b7438c7a6908562a706) Importer(815301076,1909f56bfc062723c751e8b465ee728b)  -> (artifact id: '61c613dadbbc9bec98d5ed55d7a9197b') in 0.001697 seconds 
========================================================================
Received Import Request.
  Time since last request: 116.397778 seconds.
  path: Assets/Scripts/Spell Scripts/SpellDictionary.cs
  artifactKey: Guid(261c7e4a8fb11b7438c7a6908562a706) Importer(815301076,1909f56bfc062723c751e8b465ee728b)
Start importing Assets/Scripts/Spell Scripts/SpellDictionary.cs using Guid(261c7e4a8fb11b7438c7a6908562a706) Importer(815301076,1909f56bfc062723c751e8b465ee728b)  -> (artifact id: '0ac83035a027efc89ff41c22d30e04e4') in 0.001556 seconds 
========================================================================
Received Import Request.
  Time since last request: 8.535328 seconds.
  path: Assets/Scripts/Spell Scripts/SpellDictionary.cs
  artifactKey: Guid(261c7e4a8fb11b7438c7a6908562a706) Importer(815301076,1909f56bfc062723c751e8b465ee728b)
Start importing Assets/Scripts/Spell Scripts/SpellDictionary.cs using Guid(261c7e4a8fb11b7438c7a6908562a706) Importer(815301076,1909f56bfc062723c751e8b465ee728b)  -> (artifact id: '4b9b06b525e747693863961aa6cc7e5c') in 0.001574 seconds 
========================================================================
Received Import Request.
  Time since last request: 63.303869 seconds.
  path: Assets/Scripts/Spell Scripts/SpellDictionary.cs
  artifactKey: Guid(261c7e4a8fb11b7438c7a6908562a706) Importer(815301076,1909f56bfc062723c751e8b465ee728b)
Start importing Assets/Scripts/Spell Scripts/SpellDictionary.cs using Guid(261c7e4a8fb11b7438c7a6908562a706) Importer(815301076,1909f56bfc062723c751e8b465ee728b)  -> (artifact id: 'd2933b91b8fa0e577403c5d1a1258616') in 0.001484 seconds 
========================================================================
Received Import Request.
  Time since last request: 80.002476 seconds.
  path: Assets/Scripts/Spell Scripts/SpellDictionary.cs
  artifactKey: Guid(261c7e4a8fb11b7438c7a6908562a706) Importer(815301076,1909f56bfc062723c751e8b465ee728b)
Start importing Assets/Scripts/Spell Scripts/SpellDictionary.cs using Guid(261c7e4a8fb11b7438c7a6908562a706) Importer(815301076,1909f56bfc062723c751e8b465ee728b)  -> (artifact id: 'ded3ff4c054bb984f2cdec9bc9462055') in 0.001497 seconds 
========================================================================
Received Import Request.
  Time since last request: 49.790862 seconds.
  path: Assets/Scripts/Spell Scripts/SpellDictionary.cs
  artifactKey: Guid(261c7e4a8fb11b7438c7a6908562a706) Importer(815301076,1909f56bfc062723c751e8b465ee728b)
Start importing Assets/Scripts/Spell Scripts/SpellDictionary.cs using Guid(261c7e4a8fb11b7438c7a6908562a706) Importer(815301076,1909f56bfc062723c751e8b465ee728b)  -> (artifact id: 'baba3bd2880b5486b6eaae772af59a50') in 0.001468 seconds 
========================================================================
Received Import Request.
  Time since last request: 40.929593 seconds.
  path: Assets/Scripts/Spell Scripts/SpellDictionary.cs
  artifactKey: Guid(261c7e4a8fb11b7438c7a6908562a706) Importer(815301076,1909f56bfc062723c751e8b465ee728b)
Start importing Assets/Scripts/Spell Scripts/SpellDictionary.cs using Guid(261c7e4a8fb11b7438c7a6908562a706) Importer(815301076,1909f56bfc062723c751e8b465ee728b)  -> (artifact id: '7309bdee4ddf15e892d3c2275d4e674b') in 0.001462 seconds 
========================================================================
Received Prepare
Registering precompiled user dll's ...
Registered in 0.004698 seconds.
Begin MonoManager ReloadAssembly
Symbol file LoadedFromMemory doesn't match image D:\New folder\unity projects\Kingdom Come\Library\PackageCache\com.unity.visualscripting@1.8.0\Editor\VisualScripting.Core\Dependencies\YamlDotNet\Unity.VisualScripting.YamlDotNet.dll
Symbol file LoadedFromMemory doesn't match image D:\New folder\unity projects\Kingdom Come\Library\PackageCache\com.unity.visualscripting@1.8.0\Editor\VisualScripting.Core\Dependencies\DotNetZip\Unity.VisualScripting.IonicZip.dll
Native extension for UWP target not found
Native extension for WindowsStandalone target not found
Refreshing native plugins compatible for Editor in 0.60 ms, found 3 plugins.
Preloading 0 native plugins for Editor in 0.00 ms.
Mono: successfully reloaded assembly
- Completed reload, in  1.031 seconds
Domain Reload Profiling:
	ReloadAssembly (1032ms)
		BeginReloadAssembly (142ms)
			ExecutionOrderSort (0ms)
			DisableScriptedObjects (6ms)
			BackupInstance (0ms)
			ReleaseScriptingObjects (0ms)
			CreateAndSetChildDomain (33ms)
		EndReloadAssembly (783ms)
			LoadAssemblies (89ms)
			RebuildTransferFunctionScriptingTraits (0ms)
			SetupTypeCache (294ms)
			ReleaseScriptCaches (1ms)
			RebuildScriptCaches (43ms)
			SetupLoadedEditorAssemblies (323ms)
				LogAssemblyErrors (0ms)
				InitializePlatformSupportModulesInManaged (15ms)
				SetLoadedEditorAssemblies (1ms)
				RefreshPlugins (1ms)
				BeforeProcessingInitializeOnLoad (68ms)
				ProcessInitializeOnLoadAttributes (204ms)
				ProcessInitializeOnLoadMethodAttributes (21ms)
				AfterProcessingInitializeOnLoad (12ms)
				EditorAssembliesLoaded (0ms)
			ExecutionOrderSort2 (0ms)
			AwakeInstancesAfterBackupRestoration (6ms)
Platform modules already initialized, skipping
Refreshing native plugins compatible for Editor in 1.74 ms, found 3 plugins.
Preloading 0 native plugins for Editor in 0.00 ms.
Unloading 3312 Unused Serialized files (Serialized files now loaded: 0)
Unloading 22 unused Assets / (80.3 KB). Loaded Objects now: 3797.
Memory consumption went from 118.0 MB to 118.0 MB.
Total: 2.697400 ms (FindLiveObjects: 0.256600 ms CreateObjectMapping: 0.145700 ms MarkObjects: 2.207600 ms  DeleteObjects: 0.086600 ms)

AssetImportParameters requested are different than current active one (requested -> active):
  custom:video-decoder-ogg-theora: a1e56fd34408186e4bbccfd4996cb3dc -> 
  custom:container-muxer-webm: aa71ff27fc2769a1b78a27578f13a17b -> 
  custom:container-demuxer-webm: 4f35f7cbe854078d1ac9338744f61a02 -> 
  custom:video-encoder-webm-vp8: eb34c28f22e8b96e1ab97ce403110664 -> 
  custom:audio-encoder-webm-vorbis: bf7c407c2cedff20999df2af8eb42d56 -> 
  custom:framework-win-MediaFoundation: 216162199b28c13a410421893ffa2e32 -> 
  custom:container-demuxer-ogg: 62fdf1f143b41e24485cea50d1cbac27 -> 
  custom:video-decoder-webm-vp8: 9c59270c3fd7afecdb556c50c9e8de78 -> 
  custom:audio-decoder-ogg-vorbis: bf7c407c2cedff20999df2af8eb42d56 -> 
